<?xml version="1.0" encoding="UTF-8" ?>
<testsuite failures="0" time="0.001" errors="0" skipped="0" tests="8" name="ca.uwo.csd.cs2212.team5.StudentTest">
  <properties>
    <property name="java.runtime.name" value="Java(TM) SE Runtime Environment"/>
    <property name="sun.boot.library.path" value="c:\Program Files (x86)\Java\jdk1.7.0_51\jre\bin"/>
    <property name="java.vm.version" value="24.51-b03"/>
    <property name="java.vm.vendor" value="Oracle Corporation"/>
    <property name="java.vendor.url" value="http://java.oracle.com/"/>
    <property name="path.separator" value=";"/>
    <property name="guice.disable.misplaced.annotation.check" value="true"/>
    <property name="java.vm.name" value="Java HotSpot(TM) Client VM"/>
    <property name="file.encoding.pkg" value="sun.io"/>
    <property name="user.script" value=""/>
    <property name="user.country" value="CA"/>
    <property name="sun.java.launcher" value="SUN_STANDARD"/>
    <property name="sun.os.patch.level" value=""/>
    <property name="java.vm.specification.name" value="Java Virtual Machine Specification"/>
    <property name="user.dir" value="c:\Users\yuwei\workspace\2212group"/>
    <property name="java.runtime.version" value="1.7.0_51-b13"/>
    <property name="java.awt.graphicsenv" value="sun.awt.Win32GraphicsEnvironment"/>
    <property name="java.endorsed.dirs" value="c:\Program Files (x86)\Java\jdk1.7.0_51\jre\lib\endorsed"/>
    <property name="os.arch" value="x86"/>
    <property name="java.io.tmpdir" value="C:\Users\yuwei\AppData\Local\Temp\"/>
    <property name="line.separator" value="
"/>
    <property name="java.vm.specification.vendor" value="Oracle Corporation"/>
    <property name="user.variant" value=""/>
    <property name="os.name" value="Windows 8"/>
    <property name="classworlds.conf" value="c:/Program Files/apache-maven-3.0.3/bin/m2.conf"/>
    <property name="sun.jnu.encoding" value="Cp1252"/>
    <property name="java.library.path" value="c:\Program Files (x86)\Java\jdk1.7.0_51\bin;C:\Windows\Sun\Java\bin;C:\Windows\system32;C:\Windows;c:\Users\yuwei\bin;.;C:\Program Files (x86)\Git\local\bin;C:\Program Files (x86)\Git\mingw\bin;C:\Program Files (x86)\Git\bin;c:\Rtools\bin;c:\Rtools\gcc-4.6.3\bin;c:\Program Files\R\R-3.0.3\bin;c:\Program Files\SlikSvn\bin;c:\MinGW\bin;c:\MinGW\libexec\gcc\x86_64-pc-mingw32\4.7.3;c:\Windows\system32;c:\Windows;c:\Windows\System32\Wbem;c:\Windows\System32\WindowsPowerShell\v1.0\;c:\Program Files (x86)\MiKTeX 2.9\miktex\bin\;c:\Users\yuwei;c:\Program Files\apache-maven-3.0.3\bin;c:\Program Files\Java\jre7\bin;c:\Progra~2\Java\jdk1.7.0_51\bin;."/>
    <property name="java.specification.name" value="Java Platform API Specification"/>
    <property name="java.class.version" value="51.0"/>
    <property name="sun.management.compiler" value="HotSpot Client Compiler"/>
    <property name="os.version" value="6.2"/>
    <property name="user.home" value="C:\Users\yuwei"/>
    <property name="user.timezone" value="America/New_York"/>
    <property name="java.awt.printerjob" value="sun.awt.windows.WPrinterJob"/>
    <property name="java.specification.version" value="1.7"/>
    <property name="file.encoding" value="Cp1252"/>
    <property name="user.name" value="yuwei"/>
    <property name="java.class.path" value="c:/Program Files/apache-maven-3.0.3/boot/plexus-classworlds-2.5.1.jar"/>
    <property name="org.slf4j.simpleLogger.defaultLogLevel" value="info"/>
    <property name="java.vm.specification.version" value="1.7"/>
    <property name="sun.arch.data.model" value="32"/>
    <property name="java.home" value="c:\Program Files (x86)\Java\jdk1.7.0_51\jre"/>
    <property name="sun.java.command" value="org.codehaus.plexus.classworlds.launcher.Launcher package"/>
    <property name="java.specification.vendor" value="Oracle Corporation"/>
    <property name="user.language" value="en"/>
    <property name="awt.toolkit" value="sun.awt.windows.WToolkit"/>
    <property name="java.vm.info" value="mixed mode, sharing"/>
    <property name="java.version" value="1.7.0_51"/>
    <property name="java.ext.dirs" value="c:\Program Files (x86)\Java\jdk1.7.0_51\jre\lib\ext;C:\Windows\Sun\Java\lib\ext"/>
    <property name="sun.boot.class.path" value="c:\Program Files (x86)\Java\jdk1.7.0_51\jre\lib\resources.jar;c:\Program Files (x86)\Java\jdk1.7.0_51\jre\lib\rt.jar;c:\Program Files (x86)\Java\jdk1.7.0_51\jre\lib\sunrsasign.jar;c:\Program Files (x86)\Java\jdk1.7.0_51\jre\lib\jsse.jar;c:\Program Files (x86)\Java\jdk1.7.0_51\jre\lib\jce.jar;c:\Program Files (x86)\Java\jdk1.7.0_51\jre\lib\charsets.jar;c:\Program Files (x86)\Java\jdk1.7.0_51\jre\lib\jfr.jar;c:\Program Files (x86)\Java\jdk1.7.0_51\jre\classes"/>
    <property name="java.vendor" value="Oracle Corporation"/>
    <property name="maven.home" value="c:\Program Files\apache-maven-3.0.3"/>
    <property name="file.separator" value="\"/>
    <property name="java.vendor.url.bug" value="http://bugreport.sun.com/bugreport/"/>
    <property name="sun.cpu.endian" value="little"/>
    <property name="sun.io.unicode.encoding" value="UnicodeLittle"/>
    <property name="sun.desktop" value="windows"/>
    <property name="sun.cpu.isalist" value="pentium_pro+mmx pentium_pro pentium+mmx pentium i486 i386 i86"/>
  </properties>
  <testcase time="0" classname="ca.uwo.csd.cs2212.team5.StudentTest" name="testSetFirstName"/>
  <testcase time="0" classname="ca.uwo.csd.cs2212.team5.StudentTest" name="testSetLasetName"/>
  <testcase time="0" classname="ca.uwo.csd.cs2212.team5.StudentTest" name="testGetLastName"/>
  <testcase time="0" classname="ca.uwo.csd.cs2212.team5.StudentTest" name="testGetEmailAddress"/>
  <testcase time="0.001" classname="ca.uwo.csd.cs2212.team5.StudentTest" name="testSetNumber"/>
  <testcase time="0" classname="ca.uwo.csd.cs2212.team5.StudentTest" name="testGetFirstName"/>
  <testcase time="0" classname="ca.uwo.csd.cs2212.team5.StudentTest" name="testSetEmailAddress"/>
  <testcase time="0" classname="ca.uwo.csd.cs2212.team5.StudentTest" name="testGetNumber"/>
</testsuite>